2023-03-09 10:51:33.022  INFO 14516 --- [restartedMain] com.capg.campsite.CampsiteApplication    : Starting CampsiteApplication using Java 17.0.5 on INLEN8520075772 with PID 14516 (C:\Users\SOUMAHES\Documents\12345\Campsite\target\classes started by soumahes in C:\Users\SOUMAHES\Documents\12345\Campsite)
2023-03-09 10:51:33.035  INFO 14516 --- [restartedMain] com.capg.campsite.CampsiteApplication    : No active profile set, falling back to 1 default profile: "default"
2023-03-09 10:51:33.114  INFO 14516 --- [restartedMain] .e.DevToolsPropertyDefaultsPostProcessor : Devtools property defaults active! Set 'spring.devtools.add-properties' to 'false' to disable
2023-03-09 10:51:33.114  INFO 14516 --- [restartedMain] .e.DevToolsPropertyDefaultsPostProcessor : For additional web related logging consider setting the 'logging.level.web' property to 'DEBUG'
2023-03-09 10:51:34.365  INFO 14516 --- [restartedMain] .s.d.r.c.RepositoryConfigurationDelegate : Bootstrapping Spring Data JPA repositories in DEFAULT mode.
2023-03-09 10:51:34.465  INFO 14516 --- [restartedMain] .s.d.r.c.RepositoryConfigurationDelegate : Finished Spring Data repository scanning in 82 ms. Found 3 JPA repository interfaces.
2023-03-09 10:51:35.571  INFO 14516 --- [restartedMain] o.s.b.w.embedded.tomcat.TomcatWebServer  : Tomcat initialized with port(s): 8081 (http)
2023-03-09 10:51:35.587  INFO 14516 --- [restartedMain] o.apache.catalina.core.StandardService   : Starting service [Tomcat]
2023-03-09 10:51:35.588  INFO 14516 --- [restartedMain] org.apache.catalina.core.StandardEngine  : Starting Servlet engine: [Apache Tomcat/9.0.68]
2023-03-09 10:51:35.722  INFO 14516 --- [restartedMain] o.a.c.c.C.[Tomcat].[localhost].[/]       : Initializing Spring embedded WebApplicationContext
2023-03-09 10:51:35.722  INFO 14516 --- [restartedMain] w.s.c.ServletWebServerApplicationContext : Root WebApplicationContext: initialization completed in 2607 ms
2023-03-09 10:51:36.143  INFO 14516 --- [restartedMain] o.hibernate.jpa.internal.util.LogHelper  : HHH000204: Processing PersistenceUnitInfo [name: default]
2023-03-09 10:51:36.225  INFO 14516 --- [restartedMain] org.hibernate.Version                    : HHH000412: Hibernate ORM core version 5.6.12.Final
2023-03-09 10:51:36.437  INFO 14516 --- [restartedMain] o.hibernate.annotations.common.Version   : HCANN000001: Hibernate Commons Annotations {5.1.2.Final}
2023-03-09 10:51:36.662  INFO 14516 --- [restartedMain] com.zaxxer.hikari.HikariDataSource       : HikariPool-1 - Starting...
2023-03-09 10:51:36.862  INFO 14516 --- [restartedMain] com.zaxxer.hikari.HikariDataSource       : HikariPool-1 - Start completed.
2023-03-09 10:51:36.889  INFO 14516 --- [restartedMain] org.hibernate.dialect.Dialect            : HHH000400: Using dialect: org.hibernate.dialect.PostgreSQLDialect
2023-03-09 10:51:38.018  INFO 14516 --- [restartedMain] o.h.e.t.j.p.i.JtaPlatformInitiator       : HHH000490: Using JtaPlatform implementation: [org.hibernate.engine.transaction.jta.platform.internal.NoJtaPlatform]
2023-03-09 10:51:38.034  INFO 14516 --- [restartedMain] j.LocalContainerEntityManagerFactoryBean : Initialized JPA EntityManagerFactory for persistence unit 'default'
2023-03-09 10:51:39.091  WARN 14516 --- [restartedMain] JpaBaseConfiguration$JpaWebConfiguration : spring.jpa.open-in-view is enabled by default. Therefore, database queries may be performed during view rendering. Explicitly configure spring.jpa.open-in-view to disable this warning
2023-03-09 10:51:39.308  INFO 14516 --- [restartedMain] pertySourcedRequestMappingHandlerMapping : Mapped URL path [/v2/api-docs] onto method [springfox.documentation.swagger2.web.Swagger2Controller#getDocumentation(String, HttpServletRequest)]
2023-03-09 10:51:39.503  INFO 14516 --- [restartedMain] o.s.b.d.a.OptionalLiveReloadServer       : LiveReload server is running on port 35729
2023-03-09 10:51:39.772  INFO 14516 --- [restartedMain] o.s.b.w.embedded.tomcat.TomcatWebServer  : Tomcat started on port(s): 8081 (http) with context path ''
2023-03-09 10:51:39.774  INFO 14516 --- [restartedMain] d.s.w.p.DocumentationPluginsBootstrapper : Context refreshed
2023-03-09 10:51:39.814  INFO 14516 --- [restartedMain] d.s.w.p.DocumentationPluginsBootstrapper : Found 1 custom documentation plugin(s)
2023-03-09 10:51:39.849  INFO 14516 --- [restartedMain] s.d.s.w.s.ApiListingReferenceScanner     : Scanning for api listing references
2023-03-09 10:51:40.084  INFO 14516 --- [restartedMain] com.capg.campsite.CampsiteApplication    : Started CampsiteApplication in 7.693 seconds (JVM running for 8.393)
2023-03-09 10:51:47.774  INFO 14516 --- [http-nio-8081-exec-1] o.a.c.c.C.[Tomcat].[localhost].[/]       : Initializing Spring DispatcherServlet 'dispatcherServlet'
2023-03-09 10:51:47.775  INFO 14516 --- [http-nio-8081-exec-1] o.s.web.servlet.DispatcherServlet        : Initializing Servlet 'dispatcherServlet'
2023-03-09 10:51:47.777  INFO 14516 --- [http-nio-8081-exec-1] o.s.web.servlet.DispatcherServlet        : Completed initialization in 2 ms
2023-03-09 11:10:17.501  INFO 14516 --- [http-nio-8081-exec-2] c.capg.campsite.service.UserServiceImpl  : add user
2023-03-09 11:10:34.461  INFO 14516 --- [http-nio-8081-exec-4] c.capg.campsite.service.UserServiceImpl  : get all users
2023-03-09 11:11:02.972  INFO 14516 --- [http-nio-8081-exec-6] c.capg.campsite.service.UserServiceImpl  : delete user
2023-03-09 11:11:19.483  INFO 14516 --- [http-nio-8081-exec-7] c.capg.campsite.service.UserServiceImpl  : get user by Id
2023-03-09 11:12:21.429  INFO 14516 --- [http-nio-8081-exec-8] c.capg.campsite.exception.ErrorDetails   : ErrorDetails class
2023-03-09 11:12:21.438  INFO 14516 --- [http-nio-8081-exec-8] c.capg.campsite.exception.ErrorDetails   : timestamp
2023-03-09 11:12:21.439  INFO 14516 --- [http-nio-8081-exec-8] c.capg.campsite.exception.ErrorDetails   : query did not return a unique result: 2; nested exception is javax.persistence.NonUniqueResultException: query did not return a unique result: 2
2023-03-09 11:12:21.439  INFO 14516 --- [http-nio-8081-exec-8] c.capg.campsite.exception.ErrorDetails   : uri=/user/update-user/soumya%40gmail.com
2023-03-09 11:12:21.440  WARN 14516 --- [http-nio-8081-exec-8] .m.m.a.ExceptionHandlerExceptionResolver : Resolved [org.springframework.dao.IncorrectResultSizeDataAccessException: query did not return a unique result: 2; nested exception is javax.persistence.NonUniqueResultException: query did not return a unique result: 2]
2023-03-09 11:12:35.640  INFO 14516 --- [http-nio-8081-exec-9] c.capg.campsite.exception.ErrorDetails   : ErrorDetails class
2023-03-09 11:12:35.641  INFO 14516 --- [http-nio-8081-exec-9] c.capg.campsite.exception.ErrorDetails   : timestamp
2023-03-09 11:12:35.641  INFO 14516 --- [http-nio-8081-exec-9] c.capg.campsite.exception.ErrorDetails   : query did not return a unique result: 2; nested exception is javax.persistence.NonUniqueResultException: query did not return a unique result: 2
2023-03-09 11:12:35.642  INFO 14516 --- [http-nio-8081-exec-9] c.capg.campsite.exception.ErrorDetails   : uri=/user/update-user/soumya%40gmail.com
2023-03-09 11:12:35.642  WARN 14516 --- [http-nio-8081-exec-9] .m.m.a.ExceptionHandlerExceptionResolver : Resolved [org.springframework.dao.IncorrectResultSizeDataAccessException: query did not return a unique result: 2; nested exception is javax.persistence.NonUniqueResultException: query did not return a unique result: 2]
2023-03-09 11:13:24.249  INFO 14516 --- [http-nio-8081-exec-10] c.capg.campsite.exception.ErrorDetails   : ErrorDetails class
2023-03-09 11:13:24.250  INFO 14516 --- [http-nio-8081-exec-10] c.capg.campsite.exception.ErrorDetails   : timestamp
2023-03-09 11:13:24.251  INFO 14516 --- [http-nio-8081-exec-10] c.capg.campsite.exception.ErrorDetails   : query did not return a unique result: 2; nested exception is javax.persistence.NonUniqueResultException: query did not return a unique result: 2
2023-03-09 11:13:24.251  INFO 14516 --- [http-nio-8081-exec-10] c.capg.campsite.exception.ErrorDetails   : uri=/user/update-user/soumya%40gmail.com
2023-03-09 11:13:24.252  WARN 14516 --- [http-nio-8081-exec-10] .m.m.a.ExceptionHandlerExceptionResolver : Resolved [org.springframework.dao.IncorrectResultSizeDataAccessException: query did not return a unique result: 2; nested exception is javax.persistence.NonUniqueResultException: query did not return a unique result: 2]
2023-03-09 11:13:45.210  INFO 14516 --- [http-nio-8081-exec-1] c.capg.campsite.exception.ErrorDetails   : ErrorDetails class
2023-03-09 11:13:45.211  INFO 14516 --- [http-nio-8081-exec-1] c.capg.campsite.exception.ErrorDetails   : timestamp
2023-03-09 11:13:45.212  INFO 14516 --- [http-nio-8081-exec-1] c.capg.campsite.exception.ErrorDetails   : query did not return a unique result: 2; nested exception is javax.persistence.NonUniqueResultException: query did not return a unique result: 2
2023-03-09 11:13:45.212  INFO 14516 --- [http-nio-8081-exec-1] c.capg.campsite.exception.ErrorDetails   : uri=/user/update-user/soumya%40gmail.com
2023-03-09 11:13:45.212  WARN 14516 --- [http-nio-8081-exec-1] .m.m.a.ExceptionHandlerExceptionResolver : Resolved [org.springframework.dao.IncorrectResultSizeDataAccessException: query did not return a unique result: 2; nested exception is javax.persistence.NonUniqueResultException: query did not return a unique result: 2]
2023-03-09 11:14:20.261  INFO 14516 --- [http-nio-8081-exec-2] c.capg.campsite.service.UserServiceImpl  : get all users
2023-03-09 11:15:11.403  INFO 14516 --- [http-nio-8081-exec-3] c.capg.campsite.exception.ErrorDetails   : ErrorDetails class
2023-03-09 11:15:11.404  INFO 14516 --- [http-nio-8081-exec-3] c.capg.campsite.exception.ErrorDetails   : timestamp
2023-03-09 11:15:11.404  INFO 14516 --- [http-nio-8081-exec-3] c.capg.campsite.exception.ErrorDetails   : query did not return a unique result: 3; nested exception is javax.persistence.NonUniqueResultException: query did not return a unique result: 3
2023-03-09 11:15:11.404  INFO 14516 --- [http-nio-8081-exec-3] c.capg.campsite.exception.ErrorDetails   : uri=/user/update-user/string%40gmail.com
2023-03-09 11:15:11.404  WARN 14516 --- [http-nio-8081-exec-3] .m.m.a.ExceptionHandlerExceptionResolver : Resolved [org.springframework.dao.IncorrectResultSizeDataAccessException: query did not return a unique result: 3; nested exception is javax.persistence.NonUniqueResultException: query did not return a unique result: 3]
2023-03-09 11:15:44.507  INFO 14516 --- [http-nio-8081-exec-4] c.capg.campsite.service.UserServiceImpl  : add user
2023-03-09 11:16:12.667  INFO 14516 --- [http-nio-8081-exec-6] c.capg.campsite.exception.ErrorDetails   : ErrorDetails class
2023-03-09 11:16:12.669  INFO 14516 --- [http-nio-8081-exec-6] c.capg.campsite.exception.ErrorDetails   : timestamp
2023-03-09 11:16:12.670  INFO 14516 --- [http-nio-8081-exec-6] c.capg.campsite.exception.ErrorDetails   : query did not return a unique result: 3; nested exception is javax.persistence.NonUniqueResultException: query did not return a unique result: 3
2023-03-09 11:16:12.670  INFO 14516 --- [http-nio-8081-exec-6] c.capg.campsite.exception.ErrorDetails   : uri=/user/update-user/string%40gmail.com
2023-03-09 11:16:12.671  WARN 14516 --- [http-nio-8081-exec-6] .m.m.a.ExceptionHandlerExceptionResolver : Resolved [org.springframework.dao.IncorrectResultSizeDataAccessException: query did not return a unique result: 3; nested exception is javax.persistence.NonUniqueResultException: query did not return a unique result: 3]
2023-03-09 11:16:31.619  INFO 14516 --- [http-nio-8081-exec-7] c.capg.campsite.exception.ErrorDetails   : ErrorDetails class
2023-03-09 11:16:31.620  INFO 14516 --- [http-nio-8081-exec-7] c.capg.campsite.exception.ErrorDetails   : timestamp
2023-03-09 11:16:31.620  INFO 14516 --- [http-nio-8081-exec-7] c.capg.campsite.exception.ErrorDetails   : query did not return a unique result: 3; nested exception is javax.persistence.NonUniqueResultException: query did not return a unique result: 3
2023-03-09 11:16:31.620  INFO 14516 --- [http-nio-8081-exec-7] c.capg.campsite.exception.ErrorDetails   : uri=/user/update-user/soumya%40gmail.com
2023-03-09 11:16:31.620  WARN 14516 --- [http-nio-8081-exec-7] .m.m.a.ExceptionHandlerExceptionResolver : Resolved [org.springframework.dao.IncorrectResultSizeDataAccessException: query did not return a unique result: 3; nested exception is javax.persistence.NonUniqueResultException: query did not return a unique result: 3]
2023-03-09 11:16:35.698  INFO 14516 --- [http-nio-8081-exec-5] c.capg.campsite.exception.ErrorDetails   : ErrorDetails class
2023-03-09 11:16:35.699  INFO 14516 --- [http-nio-8081-exec-5] c.capg.campsite.exception.ErrorDetails   : timestamp
2023-03-09 11:16:35.700  INFO 14516 --- [http-nio-8081-exec-5] c.capg.campsite.exception.ErrorDetails   : query did not return a unique result: 3; nested exception is javax.persistence.NonUniqueResultException: query did not return a unique result: 3
2023-03-09 11:16:35.700  INFO 14516 --- [http-nio-8081-exec-5] c.capg.campsite.exception.ErrorDetails   : uri=/user/update-user/soumya%40gmail.com
2023-03-09 11:16:35.700  WARN 14516 --- [http-nio-8081-exec-5] .m.m.a.ExceptionHandlerExceptionResolver : Resolved [org.springframework.dao.IncorrectResultSizeDataAccessException: query did not return a unique result: 3; nested exception is javax.persistence.NonUniqueResultException: query did not return a unique result: 3]
2023-03-09 11:16:48.330  INFO 14516 --- [http-nio-8081-exec-8] c.capg.campsite.exception.ErrorDetails   : ErrorDetails class
2023-03-09 11:16:48.331  INFO 14516 --- [http-nio-8081-exec-8] c.capg.campsite.exception.ErrorDetails   : timestamp
2023-03-09 11:16:48.332  INFO 14516 --- [http-nio-8081-exec-8] c.capg.campsite.exception.ErrorDetails   : query did not return a unique result: 3; nested exception is javax.persistence.NonUniqueResultException: query did not return a unique result: 3
2023-03-09 11:16:48.332  INFO 14516 --- [http-nio-8081-exec-8] c.capg.campsite.exception.ErrorDetails   : uri=/user/update-user/soumya%40gmail.com
2023-03-09 11:16:48.332  WARN 14516 --- [http-nio-8081-exec-8] .m.m.a.ExceptionHandlerExceptionResolver : Resolved [org.springframework.dao.IncorrectResultSizeDataAccessException: query did not return a unique result: 3; nested exception is javax.persistence.NonUniqueResultException: query did not return a unique result: 3]
2023-03-09 11:16:48.585  INFO 14516 --- [http-nio-8081-exec-9] c.capg.campsite.exception.ErrorDetails   : ErrorDetails class
2023-03-09 11:16:48.585  INFO 14516 --- [http-nio-8081-exec-9] c.capg.campsite.exception.ErrorDetails   : timestamp
2023-03-09 11:16:48.585  INFO 14516 --- [http-nio-8081-exec-9] c.capg.campsite.exception.ErrorDetails   : query did not return a unique result: 3; nested exception is javax.persistence.NonUniqueResultException: query did not return a unique result: 3
2023-03-09 11:16:48.585  INFO 14516 --- [http-nio-8081-exec-9] c.capg.campsite.exception.ErrorDetails   : uri=/user/update-user/soumya%40gmail.com
2023-03-09 11:16:48.586  WARN 14516 --- [http-nio-8081-exec-9] .m.m.a.ExceptionHandlerExceptionResolver : Resolved [org.springframework.dao.IncorrectResultSizeDataAccessException: query did not return a unique result: 3; nested exception is javax.persistence.NonUniqueResultException: query did not return a unique result: 3]
2023-03-09 11:17:34.232  INFO 14516 --- [http-nio-8081-exec-10] c.capg.campsite.exception.ErrorDetails   : ErrorDetails class
2023-03-09 11:17:34.234  INFO 14516 --- [http-nio-8081-exec-10] c.capg.campsite.exception.ErrorDetails   : timestamp
2023-03-09 11:17:34.234  INFO 14516 --- [http-nio-8081-exec-10] c.capg.campsite.exception.ErrorDetails   : query did not return a unique result: 3; nested exception is javax.persistence.NonUniqueResultException: query did not return a unique result: 3
2023-03-09 11:17:34.235  INFO 14516 --- [http-nio-8081-exec-10] c.capg.campsite.exception.ErrorDetails   : uri=/user/update-user/soumya%40gmail.com
2023-03-09 11:17:34.235  WARN 14516 --- [http-nio-8081-exec-10] .m.m.a.ExceptionHandlerExceptionResolver : Resolved [org.springframework.dao.IncorrectResultSizeDataAccessException: query did not return a unique result: 3; nested exception is javax.persistence.NonUniqueResultException: query did not return a unique result: 3]
2023-03-09 11:17:52.808  INFO 14516 --- [http-nio-8081-exec-1] c.capg.campsite.exception.ErrorDetails   : ErrorDetails class
2023-03-09 11:17:52.809  INFO 14516 --- [http-nio-8081-exec-1] c.capg.campsite.exception.ErrorDetails   : timestamp
2023-03-09 11:17:52.810  INFO 14516 --- [http-nio-8081-exec-1] c.capg.campsite.exception.ErrorDetails   : query did not return a unique result: 3; nested exception is javax.persistence.NonUniqueResultException: query did not return a unique result: 3
2023-03-09 11:17:52.810  INFO 14516 --- [http-nio-8081-exec-1] c.capg.campsite.exception.ErrorDetails   : uri=/user/update-user/soumya%40gmail.com
2023-03-09 11:17:52.811  WARN 14516 --- [http-nio-8081-exec-1] .m.m.a.ExceptionHandlerExceptionResolver : Resolved [org.springframework.dao.IncorrectResultSizeDataAccessException: query did not return a unique result: 3; nested exception is javax.persistence.NonUniqueResultException: query did not return a unique result: 3]
2023-03-09 11:18:30.472  INFO 14516 --- [http-nio-8081-exec-2] c.capg.campsite.service.UserServiceImpl  : get all users
2023-03-09 11:18:42.372  INFO 14516 --- [http-nio-8081-exec-3] c.c.c.service.CampsiteServiceImpl        : add campsite
2023-03-09 11:19:03.543  INFO 14516 --- [http-nio-8081-exec-4] c.c.c.service.CampsiteServiceImpl        : get campsite details
2023-03-09 11:26:43.897  INFO 14516 --- [http-nio-8081-exec-7] c.c.c.service.CampsiteServiceImpl        : get campsite
2023-03-09 11:27:10.990  INFO 14516 --- [http-nio-8081-exec-5] c.c.c.service.CampsiteServiceImpl        : update campsite
2023-03-09 11:28:26.700  INFO 14516 --- [http-nio-8081-exec-9] c.c.c.e.BookingNotFoundException         : Campsite with id : 5 Doesn't exists
2023-03-09 11:28:26.700  INFO 14516 --- [http-nio-8081-exec-9] c.capg.campsite.exception.ErrorDetails   : ErrorDetails class
2023-03-09 11:28:26.701  INFO 14516 --- [http-nio-8081-exec-9] c.capg.campsite.exception.ErrorDetails   : timestamp
2023-03-09 11:28:26.702  INFO 14516 --- [http-nio-8081-exec-9] c.capg.campsite.exception.ErrorDetails   : Campsite with id : 5 Doesn't exists
2023-03-09 11:28:26.702  INFO 14516 --- [http-nio-8081-exec-9] c.capg.campsite.exception.ErrorDetails   : uri=/booking/add-booking/5
2023-03-09 11:28:26.702  WARN 14516 --- [http-nio-8081-exec-9] .m.m.a.ExceptionHandlerExceptionResolver : Resolved [com.capg.campsite.exception.BookingNotFoundException: Campsite with id : 5 Doesn't exists]
2023-03-09 11:28:42.252  INFO 14516 --- [http-nio-8081-exec-10] c.c.c.service.CampsiteServiceImpl        : get campsite details
2023-03-09 11:28:56.072  INFO 14516 --- [http-nio-8081-exec-1] c.c.c.e.BookingDateRangeException        : Booking Has not Done before one month
2023-03-09 11:28:56.072  INFO 14516 --- [http-nio-8081-exec-1] c.capg.campsite.exception.ErrorDetails   : ErrorDetails class
2023-03-09 11:28:56.073  INFO 14516 --- [http-nio-8081-exec-1] c.capg.campsite.exception.ErrorDetails   : timestamp
2023-03-09 11:28:56.073  INFO 14516 --- [http-nio-8081-exec-1] c.capg.campsite.exception.ErrorDetails   : Booking Has not Done before one month
2023-03-09 11:28:56.073  INFO 14516 --- [http-nio-8081-exec-1] c.capg.campsite.exception.ErrorDetails   : uri=/booking/add-booking/1
2023-03-09 11:28:56.074  WARN 14516 --- [http-nio-8081-exec-1] .m.m.a.ExceptionHandlerExceptionResolver : Resolved [com.capg.campsite.exception.BookingDateRangeException: Booking Has not Done before one month]
2023-03-09 11:29:10.865  INFO 14516 --- [http-nio-8081-exec-2] c.c.c.e.BookingDateRangeException        : Booking Has not Done before one month
2023-03-09 11:29:10.865  INFO 14516 --- [http-nio-8081-exec-2] c.capg.campsite.exception.ErrorDetails   : ErrorDetails class
2023-03-09 11:29:10.866  INFO 14516 --- [http-nio-8081-exec-2] c.capg.campsite.exception.ErrorDetails   : timestamp
2023-03-09 11:29:10.866  INFO 14516 --- [http-nio-8081-exec-2] c.capg.campsite.exception.ErrorDetails   : Booking Has not Done before one month
2023-03-09 11:29:10.866  INFO 14516 --- [http-nio-8081-exec-2] c.capg.campsite.exception.ErrorDetails   : uri=/booking/add-booking/1
2023-03-09 11:29:10.866  WARN 14516 --- [http-nio-8081-exec-2] .m.m.a.ExceptionHandlerExceptionResolver : Resolved [com.capg.campsite.exception.BookingDateRangeException: Booking Has not Done before one month]
2023-03-09 11:29:13.708  INFO 14516 --- [http-nio-8081-exec-3] c.c.c.e.BookingDateRangeException        : Booking Has not Done before one month
2023-03-09 11:29:13.708  INFO 14516 --- [http-nio-8081-exec-3] c.capg.campsite.exception.ErrorDetails   : ErrorDetails class
2023-03-09 11:29:13.709  INFO 14516 --- [http-nio-8081-exec-3] c.capg.campsite.exception.ErrorDetails   : timestamp
2023-03-09 11:29:13.709  INFO 14516 --- [http-nio-8081-exec-3] c.capg.campsite.exception.ErrorDetails   : Booking Has not Done before one month
2023-03-09 11:29:13.709  INFO 14516 --- [http-nio-8081-exec-3] c.capg.campsite.exception.ErrorDetails   : uri=/booking/add-booking/1
2023-03-09 11:29:13.710  WARN 14516 --- [http-nio-8081-exec-3] .m.m.a.ExceptionHandlerExceptionResolver : Resolved [com.capg.campsite.exception.BookingDateRangeException: Booking Has not Done before one month]
2023-03-09 11:29:27.642  INFO 14516 --- [http-nio-8081-exec-4] c.c.c.e.BookingDateRangeException        : Booking Has not Done before one month
2023-03-09 11:29:27.643  INFO 14516 --- [http-nio-8081-exec-4] c.capg.campsite.exception.ErrorDetails   : ErrorDetails class
2023-03-09 11:29:27.643  INFO 14516 --- [http-nio-8081-exec-4] c.capg.campsite.exception.ErrorDetails   : timestamp
2023-03-09 11:29:27.644  INFO 14516 --- [http-nio-8081-exec-4] c.capg.campsite.exception.ErrorDetails   : Booking Has not Done before one month
2023-03-09 11:29:27.644  INFO 14516 --- [http-nio-8081-exec-4] c.capg.campsite.exception.ErrorDetails   : uri=/booking/add-booking/1
2023-03-09 11:29:27.644  WARN 14516 --- [http-nio-8081-exec-4] .m.m.a.ExceptionHandlerExceptionResolver : Resolved [com.capg.campsite.exception.BookingDateRangeException: Booking Has not Done before one month]
2023-03-09 11:29:43.010  INFO 14516 --- [http-nio-8081-exec-6] c.c.campsite.service.BookingServiceImpl  : get list of bookings
2023-03-09 11:30:22.826  INFO 14516 --- [http-nio-8081-exec-7] c.c.c.e.BookingDateRangeException        : Booking Has not Done before one month
2023-03-09 11:30:22.827  INFO 14516 --- [http-nio-8081-exec-7] c.capg.campsite.exception.ErrorDetails   : ErrorDetails class
2023-03-09 11:30:22.827  INFO 14516 --- [http-nio-8081-exec-7] c.capg.campsite.exception.ErrorDetails   : timestamp
2023-03-09 11:30:22.827  INFO 14516 --- [http-nio-8081-exec-7] c.capg.campsite.exception.ErrorDetails   : Booking Has not Done before one month
2023-03-09 11:30:22.827  INFO 14516 --- [http-nio-8081-exec-7] c.capg.campsite.exception.ErrorDetails   : uri=/booking/add-booking/2
2023-03-09 11:30:22.827  WARN 14516 --- [http-nio-8081-exec-7] .m.m.a.ExceptionHandlerExceptionResolver : Resolved [com.capg.campsite.exception.BookingDateRangeException: Booking Has not Done before one month]
2023-03-09 11:34:46.557  INFO 14516 --- [http-nio-8081-exec-5] c.c.c.e.BookingDateRangeException        : Booking Has not Done before one month
2023-03-09 11:34:46.557  INFO 14516 --- [http-nio-8081-exec-5] c.capg.campsite.exception.ErrorDetails   : ErrorDetails class
2023-03-09 11:34:46.558  INFO 14516 --- [http-nio-8081-exec-5] c.capg.campsite.exception.ErrorDetails   : timestamp
2023-03-09 11:34:46.558  INFO 14516 --- [http-nio-8081-exec-5] c.capg.campsite.exception.ErrorDetails   : Booking Has not Done before one month
2023-03-09 11:34:46.558  INFO 14516 --- [http-nio-8081-exec-5] c.capg.campsite.exception.ErrorDetails   : uri=/booking/add-booking/2
2023-03-09 11:34:46.559  WARN 14516 --- [http-nio-8081-exec-5] .m.m.a.ExceptionHandlerExceptionResolver : Resolved [com.capg.campsite.exception.BookingDateRangeException: Booking Has not Done before one month]
2023-03-09 11:34:58.945  INFO 14516 --- [http-nio-8081-exec-8] c.c.c.service.CampsiteServiceImpl        : get campsite details
2023-03-09 11:35:23.531  INFO 14516 --- [http-nio-8081-exec-9] c.c.c.e.BookingDateRangeException        : Booking Has not Done before one month
2023-03-09 11:35:23.531  INFO 14516 --- [http-nio-8081-exec-9] c.capg.campsite.exception.ErrorDetails   : ErrorDetails class
2023-03-09 11:35:23.532  INFO 14516 --- [http-nio-8081-exec-9] c.capg.campsite.exception.ErrorDetails   : timestamp
2023-03-09 11:35:23.532  INFO 14516 --- [http-nio-8081-exec-9] c.capg.campsite.exception.ErrorDetails   : Booking Has not Done before one month
2023-03-09 11:35:23.532  INFO 14516 --- [http-nio-8081-exec-9] c.capg.campsite.exception.ErrorDetails   : uri=/booking/add-booking/6
2023-03-09 11:35:23.533  WARN 14516 --- [http-nio-8081-exec-9] .m.m.a.ExceptionHandlerExceptionResolver : Resolved [com.capg.campsite.exception.BookingDateRangeException: Booking Has not Done before one month]
2023-03-09 12:40:27.936  INFO 4764 --- [restartedMain] com.capg.campsite.CampsiteApplication    : Starting CampsiteApplication using Java 17.0.5 on INLEN8520075772 with PID 4764 (C:\Users\SOUMAHES\Documents\12345\Campsite\target\classes started by soumahes in C:\Users\SOUMAHES\Documents\12345\Campsite)
2023-03-09 12:40:27.937  INFO 4764 --- [restartedMain] com.capg.campsite.CampsiteApplication    : No active profile set, falling back to 1 default profile: "default"
2023-03-09 12:40:27.986  INFO 4764 --- [restartedMain] .e.DevToolsPropertyDefaultsPostProcessor : Devtools property defaults active! Set 'spring.devtools.add-properties' to 'false' to disable
2023-03-09 12:40:27.986  INFO 4764 --- [restartedMain] .e.DevToolsPropertyDefaultsPostProcessor : For additional web related logging consider setting the 'logging.level.web' property to 'DEBUG'
2023-03-09 12:40:28.811  INFO 4764 --- [restartedMain] .s.d.r.c.RepositoryConfigurationDelegate : Bootstrapping Spring Data JPA repositories in DEFAULT mode.
2023-03-09 12:40:28.881  INFO 4764 --- [restartedMain] .s.d.r.c.RepositoryConfigurationDelegate : Finished Spring Data repository scanning in 57 ms. Found 3 JPA repository interfaces.
2023-03-09 12:40:29.690  INFO 4764 --- [restartedMain] o.s.b.w.embedded.tomcat.TomcatWebServer  : Tomcat initialized with port(s): 8081 (http)
2023-03-09 12:40:29.704  INFO 4764 --- [restartedMain] o.apache.catalina.core.StandardService   : Starting service [Tomcat]
2023-03-09 12:40:29.704  INFO 4764 --- [restartedMain] org.apache.catalina.core.StandardEngine  : Starting Servlet engine: [Apache Tomcat/9.0.68]
2023-03-09 12:40:29.813  INFO 4764 --- [restartedMain] o.a.c.c.C.[Tomcat].[localhost].[/]       : Initializing Spring embedded WebApplicationContext
2023-03-09 12:40:29.813  INFO 4764 --- [restartedMain] w.s.c.ServletWebServerApplicationContext : Root WebApplicationContext: initialization completed in 1827 ms
2023-03-09 12:40:29.976  INFO 4764 --- [restartedMain] o.hibernate.jpa.internal.util.LogHelper  : HHH000204: Processing PersistenceUnitInfo [name: default]
2023-03-09 12:40:30.047  INFO 4764 --- [restartedMain] org.hibernate.Version                    : HHH000412: Hibernate ORM core version 5.6.12.Final
2023-03-09 12:40:30.210  INFO 4764 --- [restartedMain] o.hibernate.annotations.common.Version   : HCANN000001: Hibernate Commons Annotations {5.1.2.Final}
2023-03-09 12:40:30.310  INFO 4764 --- [restartedMain] com.zaxxer.hikari.HikariDataSource       : HikariPool-1 - Starting...
2023-03-09 12:40:30.440  INFO 4764 --- [restartedMain] com.zaxxer.hikari.HikariDataSource       : HikariPool-1 - Start completed.
2023-03-09 12:40:30.460  INFO 4764 --- [restartedMain] org.hibernate.dialect.Dialect            : HHH000400: Using dialect: org.hibernate.dialect.PostgreSQLDialect
2023-03-09 12:40:31.518  INFO 4764 --- [restartedMain] o.h.e.t.j.p.i.JtaPlatformInitiator       : HHH000490: Using JtaPlatform implementation: [org.hibernate.engine.transaction.jta.platform.internal.NoJtaPlatform]
2023-03-09 12:40:31.524  INFO 4764 --- [restartedMain] j.LocalContainerEntityManagerFactoryBean : Initialized JPA EntityManagerFactory for persistence unit 'default'
2023-03-09 12:40:32.159  WARN 4764 --- [restartedMain] JpaBaseConfiguration$JpaWebConfiguration : spring.jpa.open-in-view is enabled by default. Therefore, database queries may be performed during view rendering. Explicitly configure spring.jpa.open-in-view to disable this warning
2023-03-09 12:40:32.327  INFO 4764 --- [restartedMain] pertySourcedRequestMappingHandlerMapping : Mapped URL path [/v2/api-docs] onto method [springfox.documentation.swagger2.web.Swagger2Controller#getDocumentation(String, HttpServletRequest)]
2023-03-09 12:40:32.490  INFO 4764 --- [restartedMain] o.s.b.d.a.OptionalLiveReloadServer       : LiveReload server is running on port 35729
2023-03-09 12:40:32.690  INFO 4764 --- [restartedMain] o.s.b.w.embedded.tomcat.TomcatWebServer  : Tomcat started on port(s): 8081 (http) with context path ''
2023-03-09 12:40:32.691  INFO 4764 --- [restartedMain] d.s.w.p.DocumentationPluginsBootstrapper : Context refreshed
2023-03-09 12:40:32.730  INFO 4764 --- [restartedMain] d.s.w.p.DocumentationPluginsBootstrapper : Found 1 custom documentation plugin(s)
2023-03-09 12:40:32.761  INFO 4764 --- [restartedMain] s.d.s.w.s.ApiListingReferenceScanner     : Scanning for api listing references
2023-03-09 12:40:32.928  INFO 4764 --- [restartedMain] com.capg.campsite.CampsiteApplication    : Started CampsiteApplication in 5.416 seconds (JVM running for 5.917)
2023-03-09 12:40:38.105  INFO 4764 --- [http-nio-8081-exec-1] o.a.c.c.C.[Tomcat].[localhost].[/]       : Initializing Spring DispatcherServlet 'dispatcherServlet'
2023-03-09 12:40:38.105  INFO 4764 --- [http-nio-8081-exec-1] o.s.web.servlet.DispatcherServlet        : Initializing Servlet 'dispatcherServlet'
2023-03-09 12:40:38.106  INFO 4764 --- [http-nio-8081-exec-1] o.s.web.servlet.DispatcherServlet        : Completed initialization in 1 ms
2023-03-09 12:41:26.934  INFO 4764 --- [http-nio-8081-exec-1] c.capg.campsite.service.UserServiceImpl  : add user
2023-03-09 12:41:35.653  INFO 4764 --- [http-nio-8081-exec-2] c.capg.campsite.service.UserServiceImpl  : get all users
2023-03-09 12:41:50.547  INFO 4764 --- [http-nio-8081-exec-5] c.capg.campsite.service.UserServiceImpl  : get user by Id
2023-03-09 12:42:04.226  INFO 4764 --- [http-nio-8081-exec-7] c.capg.campsite.service.UserServiceImpl  : get all users
2023-03-09 12:43:06.635  INFO 4764 --- [http-nio-8081-exec-6] c.capg.campsite.exception.ErrorDetails   : ErrorDetails class
2023-03-09 12:43:06.648  INFO 4764 --- [http-nio-8081-exec-6] c.capg.campsite.exception.ErrorDetails   : timestamp
2023-03-09 12:43:06.648  INFO 4764 --- [http-nio-8081-exec-6] c.capg.campsite.exception.ErrorDetails   : query did not return a unique result: 3; nested exception is javax.persistence.NonUniqueResultException: query did not return a unique result: 3
2023-03-09 12:43:06.648  INFO 4764 --- [http-nio-8081-exec-6] c.capg.campsite.exception.ErrorDetails   : uri=/user/update-user/string%40gmail.com
2023-03-09 12:43:06.649  WARN 4764 --- [http-nio-8081-exec-6] .m.m.a.ExceptionHandlerExceptionResolver : Resolved [org.springframework.dao.IncorrectResultSizeDataAccessException: query did not return a unique result: 3; nested exception is javax.persistence.NonUniqueResultException: query did not return a unique result: 3]
2023-03-09 12:43:30.108  INFO 4764 --- [http-nio-8081-exec-9] c.capg.campsite.exception.ErrorDetails   : ErrorDetails class
2023-03-09 12:43:30.109  INFO 4764 --- [http-nio-8081-exec-9] c.capg.campsite.exception.ErrorDetails   : timestamp
2023-03-09 12:43:30.109  INFO 4764 --- [http-nio-8081-exec-9] c.capg.campsite.exception.ErrorDetails   : query did not return a unique result: 3; nested exception is javax.persistence.NonUniqueResultException: query did not return a unique result: 3
2023-03-09 12:43:30.109  INFO 4764 --- [http-nio-8081-exec-9] c.capg.campsite.exception.ErrorDetails   : uri=/user/update-user/string%40gmail.com
2023-03-09 12:43:30.110  WARN 4764 --- [http-nio-8081-exec-9] .m.m.a.ExceptionHandlerExceptionResolver : Resolved [org.springframework.dao.IncorrectResultSizeDataAccessException: query did not return a unique result: 3; nested exception is javax.persistence.NonUniqueResultException: query did not return a unique result: 3]
2023-03-09 12:43:42.300  INFO 4764 --- [http-nio-8081-exec-10] c.capg.campsite.exception.ErrorDetails   : ErrorDetails class
2023-03-09 12:43:42.301  INFO 4764 --- [http-nio-8081-exec-10] c.capg.campsite.exception.ErrorDetails   : timestamp
2023-03-09 12:43:42.301  INFO 4764 --- [http-nio-8081-exec-10] c.capg.campsite.exception.ErrorDetails   : query did not return a unique result: 3; nested exception is javax.persistence.NonUniqueResultException: query did not return a unique result: 3
2023-03-09 12:43:42.301  INFO 4764 --- [http-nio-8081-exec-10] c.capg.campsite.exception.ErrorDetails   : uri=/user/update-user/string%40gmail.com
2023-03-09 12:43:42.301  WARN 4764 --- [http-nio-8081-exec-10] .m.m.a.ExceptionHandlerExceptionResolver : Resolved [org.springframework.dao.IncorrectResultSizeDataAccessException: query did not return a unique result: 3; nested exception is javax.persistence.NonUniqueResultException: query did not return a unique result: 3]
2023-03-09 12:45:26.535  INFO 12076 --- [restartedMain] com.capg.campsite.CampsiteApplication    : Starting CampsiteApplication using Java 17.0.5 on INLEN8520075772 with PID 12076 (C:\Users\SOUMAHES\Documents\12345\Campsite\target\classes started by soumahes in C:\Users\SOUMAHES\Documents\12345\Campsite)
2023-03-09 12:45:26.536  INFO 12076 --- [restartedMain] com.capg.campsite.CampsiteApplication    : No active profile set, falling back to 1 default profile: "default"
2023-03-09 12:45:26.583  INFO 12076 --- [restartedMain] .e.DevToolsPropertyDefaultsPostProcessor : Devtools property defaults active! Set 'spring.devtools.add-properties' to 'false' to disable
2023-03-09 12:45:26.583  INFO 12076 --- [restartedMain] .e.DevToolsPropertyDefaultsPostProcessor : For additional web related logging consider setting the 'logging.level.web' property to 'DEBUG'
2023-03-09 12:45:27.347  INFO 12076 --- [restartedMain] .s.d.r.c.RepositoryConfigurationDelegate : Bootstrapping Spring Data JPA repositories in DEFAULT mode.
2023-03-09 12:45:27.407  INFO 12076 --- [restartedMain] .s.d.r.c.RepositoryConfigurationDelegate : Finished Spring Data repository scanning in 49 ms. Found 3 JPA repository interfaces.
2023-03-09 12:45:28.141  INFO 12076 --- [restartedMain] o.s.b.w.embedded.tomcat.TomcatWebServer  : Tomcat initialized with port(s): 8081 (http)
2023-03-09 12:45:28.155  INFO 12076 --- [restartedMain] o.apache.catalina.core.StandardService   : Starting service [Tomcat]
2023-03-09 12:45:28.156  INFO 12076 --- [restartedMain] org.apache.catalina.core.StandardEngine  : Starting Servlet engine: [Apache Tomcat/9.0.68]
2023-03-09 12:45:28.256  INFO 12076 --- [restartedMain] o.a.c.c.C.[Tomcat].[localhost].[/]       : Initializing Spring embedded WebApplicationContext
2023-03-09 12:45:28.257  INFO 12076 --- [restartedMain] w.s.c.ServletWebServerApplicationContext : Root WebApplicationContext: initialization completed in 1674 ms
2023-03-09 12:45:28.403  INFO 12076 --- [restartedMain] o.hibernate.jpa.internal.util.LogHelper  : HHH000204: Processing PersistenceUnitInfo [name: default]
2023-03-09 12:45:28.459  INFO 12076 --- [restartedMain] org.hibernate.Version                    : HHH000412: Hibernate ORM core version 5.6.12.Final
2023-03-09 12:45:28.619  INFO 12076 --- [restartedMain] o.hibernate.annotations.common.Version   : HCANN000001: Hibernate Commons Annotations {5.1.2.Final}
2023-03-09 12:45:28.709  INFO 12076 --- [restartedMain] com.zaxxer.hikari.HikariDataSource       : HikariPool-1 - Starting...
2023-03-09 12:45:28.831  INFO 12076 --- [restartedMain] com.zaxxer.hikari.HikariDataSource       : HikariPool-1 - Start completed.
2023-03-09 12:45:28.854  INFO 12076 --- [restartedMain] org.hibernate.dialect.Dialect            : HHH000400: Using dialect: org.hibernate.dialect.PostgreSQLDialect
2023-03-09 12:45:29.512  INFO 12076 --- [restartedMain] o.h.e.t.j.p.i.JtaPlatformInitiator       : HHH000490: Using JtaPlatform implementation: [org.hibernate.engine.transaction.jta.platform.internal.NoJtaPlatform]
2023-03-09 12:45:29.520  INFO 12076 --- [restartedMain] j.LocalContainerEntityManagerFactoryBean : Initialized JPA EntityManagerFactory for persistence unit 'default'
2023-03-09 12:45:30.153  WARN 12076 --- [restartedMain] JpaBaseConfiguration$JpaWebConfiguration : spring.jpa.open-in-view is enabled by default. Therefore, database queries may be performed during view rendering. Explicitly configure spring.jpa.open-in-view to disable this warning
2023-03-09 12:45:30.312  INFO 12076 --- [restartedMain] pertySourcedRequestMappingHandlerMapping : Mapped URL path [/v2/api-docs] onto method [springfox.documentation.swagger2.web.Swagger2Controller#getDocumentation(String, HttpServletRequest)]
2023-03-09 12:45:30.462  INFO 12076 --- [restartedMain] o.s.b.d.a.OptionalLiveReloadServer       : LiveReload server is running on port 35729
2023-03-09 12:45:30.661  INFO 12076 --- [restartedMain] o.s.b.w.embedded.tomcat.TomcatWebServer  : Tomcat started on port(s): 8081 (http) with context path ''
2023-03-09 12:45:30.662  INFO 12076 --- [restartedMain] d.s.w.p.DocumentationPluginsBootstrapper : Context refreshed
2023-03-09 12:45:30.682  INFO 12076 --- [restartedMain] d.s.w.p.DocumentationPluginsBootstrapper : Found 1 custom documentation plugin(s)
2023-03-09 12:45:30.710  INFO 12076 --- [restartedMain] s.d.s.w.s.ApiListingReferenceScanner     : Scanning for api listing references
2023-03-09 12:45:30.854  INFO 12076 --- [restartedMain] com.capg.campsite.CampsiteApplication    : Started CampsiteApplication in 4.775 seconds (JVM running for 5.272)
2023-03-09 12:45:38.794  INFO 12076 --- [http-nio-8081-exec-1] o.a.c.c.C.[Tomcat].[localhost].[/]       : Initializing Spring DispatcherServlet 'dispatcherServlet'
2023-03-09 12:45:38.795  INFO 12076 --- [http-nio-8081-exec-1] o.s.web.servlet.DispatcherServlet        : Initializing Servlet 'dispatcherServlet'
2023-03-09 12:45:38.796  INFO 12076 --- [http-nio-8081-exec-1] o.s.web.servlet.DispatcherServlet        : Completed initialization in 1 ms
2023-03-09 12:46:29.857  INFO 12076 --- [http-nio-8081-exec-1] c.capg.campsite.service.UserServiceImpl  : add user
2023-03-09 12:47:33.035  INFO 12076 --- [http-nio-8081-exec-5] c.capg.campsite.exception.ErrorDetails   : ErrorDetails class
2023-03-09 12:47:33.050  INFO 12076 --- [http-nio-8081-exec-5] c.capg.campsite.exception.ErrorDetails   : timestamp
2023-03-09 12:47:33.051  INFO 12076 --- [http-nio-8081-exec-5] c.capg.campsite.exception.ErrorDetails   : query did not return a unique result: 5; nested exception is javax.persistence.NonUniqueResultException: query did not return a unique result: 5
2023-03-09 12:47:33.051  INFO 12076 --- [http-nio-8081-exec-5] c.capg.campsite.exception.ErrorDetails   : uri=/user/update-user/soumya%40gmail.com
2023-03-09 12:47:33.052  WARN 12076 --- [http-nio-8081-exec-5] .m.m.a.ExceptionHandlerExceptionResolver : Resolved [org.springframework.dao.IncorrectResultSizeDataAccessException: query did not return a unique result: 5; nested exception is javax.persistence.NonUniqueResultException: query did not return a unique result: 5]
2023-03-09 12:47:51.098  INFO 12076 --- [http-nio-8081-exec-7] c.capg.campsite.exception.ErrorDetails   : ErrorDetails class
2023-03-09 12:47:51.099  INFO 12076 --- [http-nio-8081-exec-7] c.capg.campsite.exception.ErrorDetails   : timestamp
2023-03-09 12:47:51.100  INFO 12076 --- [http-nio-8081-exec-7] c.capg.campsite.exception.ErrorDetails   : query did not return a unique result: 5; nested exception is javax.persistence.NonUniqueResultException: query did not return a unique result: 5
2023-03-09 12:47:51.100  INFO 12076 --- [http-nio-8081-exec-7] c.capg.campsite.exception.ErrorDetails   : uri=/user/update-user/soumya%40gmail.com
2023-03-09 12:47:51.101  WARN 12076 --- [http-nio-8081-exec-7] .m.m.a.ExceptionHandlerExceptionResolver : Resolved [org.springframework.dao.IncorrectResultSizeDataAccessException: query did not return a unique result: 5; nested exception is javax.persistence.NonUniqueResultException: query did not return a unique result: 5]
2023-03-09 12:50:29.639  INFO 12076 --- [http-nio-8081-exec-8] c.capg.campsite.service.UserServiceImpl  : get all users
2023-03-09 12:51:41.202  INFO 12076 --- [http-nio-8081-exec-9] c.capg.campsite.service.UserServiceImpl  : add user
2023-03-09 12:53:47.875  INFO 12076 --- [http-nio-8081-exec-3] c.capg.campsite.exception.ErrorDetails   : ErrorDetails class
2023-03-09 12:53:47.877  INFO 12076 --- [http-nio-8081-exec-3] c.capg.campsite.exception.ErrorDetails   : timestamp
2023-03-09 12:53:47.878  INFO 12076 --- [http-nio-8081-exec-3] c.capg.campsite.exception.ErrorDetails   : JSON parse error: Invalid numeric value: Leading zeroes not allowed; nested exception is com.fasterxml.jackson.core.JsonParseException: Invalid numeric value: Leading zeroes not allowed
 at [Source: (org.springframework.util.StreamUtils$NonClosingInputStream); line: 4, column: 16]
2023-03-09 12:53:47.878  INFO 12076 --- [http-nio-8081-exec-3] c.capg.campsite.exception.ErrorDetails   : uri=/campsite/add-campsite/%7BuserId%7D
2023-03-09 12:53:47.881  WARN 12076 --- [http-nio-8081-exec-3] .m.m.a.ExceptionHandlerExceptionResolver : Resolved [org.springframework.http.converter.HttpMessageNotReadableException: JSON parse error: Invalid numeric value: Leading zeroes not allowed; nested exception is com.fasterxml.jackson.core.JsonParseException: Invalid numeric value: Leading zeroes not allowed<EOL> at [Source: (org.springframework.util.StreamUtils$NonClosingInputStream); line: 4, column: 16]]
2023-03-09 12:55:25.946  INFO 12076 --- [http-nio-8081-exec-2] c.c.c.service.CampsiteServiceImpl        : add campsite
2023-03-09 12:56:11.631  INFO 12076 --- [http-nio-8081-exec-4] c.c.c.e.CampsiteNotFoundException        : Campsite is not exists with id :13
2023-03-09 12:56:11.632  INFO 12076 --- [http-nio-8081-exec-4] c.capg.campsite.exception.ErrorDetails   : ErrorDetails class
2023-03-09 12:56:11.632  INFO 12076 --- [http-nio-8081-exec-4] c.capg.campsite.exception.ErrorDetails   : timestamp
2023-03-09 12:56:11.632  INFO 12076 --- [http-nio-8081-exec-4] c.capg.campsite.exception.ErrorDetails   : Campsite is not exists with id :13
2023-03-09 12:56:11.632  INFO 12076 --- [http-nio-8081-exec-4] c.capg.campsite.exception.ErrorDetails   : uri=/campsite/update-campsite/13
2023-03-09 12:56:11.634  WARN 12076 --- [http-nio-8081-exec-4] .m.m.a.ExceptionHandlerExceptionResolver : Resolved [com.capg.campsite.exception.CampsiteNotFoundException: Campsite is not exists with id :13]
2023-03-09 12:56:55.345  INFO 12076 --- [http-nio-8081-exec-5] c.c.c.service.CampsiteServiceImpl        : update campsite
2023-03-09 12:58:13.167  INFO 12076 --- [http-nio-8081-exec-8] c.c.c.e.BookingDateRangeException        : Booking Has not Done before one month
2023-03-09 12:58:13.168  INFO 12076 --- [http-nio-8081-exec-8] c.capg.campsite.exception.ErrorDetails   : ErrorDetails class
2023-03-09 12:58:13.168  INFO 12076 --- [http-nio-8081-exec-8] c.capg.campsite.exception.ErrorDetails   : timestamp
2023-03-09 12:58:13.168  INFO 12076 --- [http-nio-8081-exec-8] c.capg.campsite.exception.ErrorDetails   : Booking Has not Done before one month
2023-03-09 12:58:13.169  INFO 12076 --- [http-nio-8081-exec-8] c.capg.campsite.exception.ErrorDetails   : uri=/booking/add-booking/8
2023-03-09 12:58:13.169  WARN 12076 --- [http-nio-8081-exec-8] .m.m.a.ExceptionHandlerExceptionResolver : Resolved [com.capg.campsite.exception.BookingDateRangeException: Booking Has not Done before one month]
2023-03-09 12:59:00.329  INFO 12076 --- [http-nio-8081-exec-6] c.c.c.e.BookingDateRangeException        : Booking Has not Done before one month
2023-03-09 12:59:00.330  INFO 12076 --- [http-nio-8081-exec-6] c.capg.campsite.exception.ErrorDetails   : ErrorDetails class
2023-03-09 12:59:00.331  INFO 12076 --- [http-nio-8081-exec-6] c.capg.campsite.exception.ErrorDetails   : timestamp
2023-03-09 12:59:00.331  INFO 12076 --- [http-nio-8081-exec-6] c.capg.campsite.exception.ErrorDetails   : Booking Has not Done before one month
2023-03-09 12:59:00.332  INFO 12076 --- [http-nio-8081-exec-6] c.capg.campsite.exception.ErrorDetails   : uri=/booking/add-booking/8
2023-03-09 12:59:00.332  WARN 12076 --- [http-nio-8081-exec-6] .m.m.a.ExceptionHandlerExceptionResolver : Resolved [com.capg.campsite.exception.BookingDateRangeException: Booking Has not Done before one month]
2023-03-09 13:00:17.893  INFO 12076 --- [http-nio-8081-exec-9] c.c.campsite.service.BookingServiceImpl  : add booking
2023-03-09 13:02:54.694  INFO 12076 --- [http-nio-8081-exec-1] c.c.campsite.service.BookingServiceImpl  : update booking
2023-03-09 13:05:19.395  INFO 12076 --- [http-nio-8081-exec-2] c.capg.campsite.service.UserServiceImpl  : add user
2023-03-09 13:05:57.720  INFO 12076 --- [http-nio-8081-exec-4] c.capg.campsite.exception.ErrorDetails   : ErrorDetails class
2023-03-09 13:05:57.721  INFO 12076 --- [http-nio-8081-exec-4] c.capg.campsite.exception.ErrorDetails   : timestamp
2023-03-09 13:05:57.721  INFO 12076 --- [http-nio-8081-exec-4] c.capg.campsite.exception.ErrorDetails   : query did not return a unique result: 2; nested exception is javax.persistence.NonUniqueResultException: query did not return a unique result: 2
2023-03-09 13:05:57.721  INFO 12076 --- [http-nio-8081-exec-4] c.capg.campsite.exception.ErrorDetails   : uri=/user/update-user/sss%40gmail.com
2023-03-09 13:05:57.722  WARN 12076 --- [http-nio-8081-exec-4] .m.m.a.ExceptionHandlerExceptionResolver : Resolved [org.springframework.dao.IncorrectResultSizeDataAccessException: query did not return a unique result: 2; nested exception is javax.persistence.NonUniqueResultException: query did not return a unique result: 2]
2023-03-09 13:06:14.503  INFO 12076 --- [http-nio-8081-exec-5] c.capg.campsite.exception.ErrorDetails   : ErrorDetails class
2023-03-09 13:06:14.505  INFO 12076 --- [http-nio-8081-exec-5] c.capg.campsite.exception.ErrorDetails   : timestamp
2023-03-09 13:06:14.505  INFO 12076 --- [http-nio-8081-exec-5] c.capg.campsite.exception.ErrorDetails   : query did not return a unique result: 2; nested exception is javax.persistence.NonUniqueResultException: query did not return a unique result: 2
2023-03-09 13:06:14.505  INFO 12076 --- [http-nio-8081-exec-5] c.capg.campsite.exception.ErrorDetails   : uri=/user/update-user/sss%40gmail.com
2023-03-09 13:06:14.506  WARN 12076 --- [http-nio-8081-exec-5] .m.m.a.ExceptionHandlerExceptionResolver : Resolved [org.springframework.dao.IncorrectResultSizeDataAccessException: query did not return a unique result: 2; nested exception is javax.persistence.NonUniqueResultException: query did not return a unique result: 2]
2023-03-09 13:06:57.178  INFO 12076 --- [http-nio-8081-exec-7] c.capg.campsite.exception.ErrorDetails   : ErrorDetails class
2023-03-09 13:06:57.179  INFO 12076 --- [http-nio-8081-exec-7] c.capg.campsite.exception.ErrorDetails   : timestamp
2023-03-09 13:06:57.180  INFO 12076 --- [http-nio-8081-exec-7] c.capg.campsite.exception.ErrorDetails   : query did not return a unique result: 2; nested exception is javax.persistence.NonUniqueResultException: query did not return a unique result: 2
2023-03-09 13:06:57.180  INFO 12076 --- [http-nio-8081-exec-7] c.capg.campsite.exception.ErrorDetails   : uri=/user/update-user/sss%40gmail.com
2023-03-09 13:06:57.181  WARN 12076 --- [http-nio-8081-exec-7] .m.m.a.ExceptionHandlerExceptionResolver : Resolved [org.springframework.dao.IncorrectResultSizeDataAccessException: query did not return a unique result: 2; nested exception is javax.persistence.NonUniqueResultException: query did not return a unique result: 2]
2023-03-09 13:07:49.269  INFO 12076 --- [http-nio-8081-exec-8] c.capg.campsite.exception.ErrorDetails   : ErrorDetails class
2023-03-09 13:07:49.270  INFO 12076 --- [http-nio-8081-exec-8] c.capg.campsite.exception.ErrorDetails   : timestamp
2023-03-09 13:07:49.270  INFO 12076 --- [http-nio-8081-exec-8] c.capg.campsite.exception.ErrorDetails   : query did not return a unique result: 2; nested exception is javax.persistence.NonUniqueResultException: query did not return a unique result: 2
2023-03-09 13:07:49.270  INFO 12076 --- [http-nio-8081-exec-8] c.capg.campsite.exception.ErrorDetails   : uri=/user/update-user/sss%40gmail.com
2023-03-09 13:07:49.271  WARN 12076 --- [http-nio-8081-exec-8] .m.m.a.ExceptionHandlerExceptionResolver : Resolved [org.springframework.dao.IncorrectResultSizeDataAccessException: query did not return a unique result: 2; nested exception is javax.persistence.NonUniqueResultException: query did not return a unique result: 2]
2023-03-09 13:10:09.414  INFO 12076 --- [http-nio-8081-exec-6] c.capg.campsite.exception.ErrorDetails   : ErrorDetails class
2023-03-09 13:10:09.414  INFO 12076 --- [http-nio-8081-exec-6] c.capg.campsite.exception.ErrorDetails   : timestamp
2023-03-09 13:10:09.414  INFO 12076 --- [http-nio-8081-exec-6] c.capg.campsite.exception.ErrorDetails   : query did not return a unique result: 2; nested exception is javax.persistence.NonUniqueResultException: query did not return a unique result: 2
2023-03-09 13:10:09.414  INFO 12076 --- [http-nio-8081-exec-6] c.capg.campsite.exception.ErrorDetails   : uri=/user/update-user/sss%40gmail.com
2023-03-09 13:10:09.415  WARN 12076 --- [http-nio-8081-exec-6] .m.m.a.ExceptionHandlerExceptionResolver : Resolved [org.springframework.dao.IncorrectResultSizeDataAccessException: query did not return a unique result: 2; nested exception is javax.persistence.NonUniqueResultException: query did not return a unique result: 2]
2023-03-09 13:10:34.487  INFO 12076 --- [http-nio-8081-exec-9] c.capg.campsite.service.UserServiceImpl  : add user
2023-03-09 13:11:22.422  INFO 12076 --- [http-nio-8081-exec-10] c.capg.campsite.exception.ErrorDetails   : ErrorDetails class
2023-03-09 13:11:22.424  INFO 12076 --- [http-nio-8081-exec-10] c.capg.campsite.exception.ErrorDetails   : timestamp
2023-03-09 13:11:22.424  INFO 12076 --- [http-nio-8081-exec-10] c.capg.campsite.exception.ErrorDetails   : query did not return a unique result: 3; nested exception is javax.persistence.NonUniqueResultException: query did not return a unique result: 3
2023-03-09 13:11:22.424  INFO 12076 --- [http-nio-8081-exec-10] c.capg.campsite.exception.ErrorDetails   : uri=/user/update-user/sss%40gmail.com
2023-03-09 13:11:22.425  WARN 12076 --- [http-nio-8081-exec-10] .m.m.a.ExceptionHandlerExceptionResolver : Resolved [org.springframework.dao.IncorrectResultSizeDataAccessException: query did not return a unique result: 3; nested exception is javax.persistence.NonUniqueResultException: query did not return a unique result: 3]
2023-03-09 13:12:50.514  INFO 12076 --- [http-nio-8081-exec-1] c.capg.campsite.service.UserServiceImpl  : add user
2023-03-09 13:14:04.415  INFO 12076 --- [http-nio-8081-exec-5] c.c.c.service.CampsiteServiceImpl        : add campsite
2023-03-09 13:21:56.630  INFO 12076 --- [http-nio-8081-exec-6] c.c.c.service.CampsiteServiceImpl        : add campsite
2023-03-09 13:22:21.683  INFO 12076 --- [http-nio-8081-exec-7] c.c.c.service.CampsiteServiceImpl        : get campsite
2023-03-09 13:22:56.002  INFO 12076 --- [http-nio-8081-exec-9] c.c.c.service.CampsiteServiceImpl        : update campsite
2023-03-09 13:23:56.355  INFO 12076 --- [http-nio-8081-exec-10] c.capg.campsite.exception.ErrorDetails   : ErrorDetails class
2023-03-09 13:23:56.356  INFO 12076 --- [http-nio-8081-exec-10] c.capg.campsite.exception.ErrorDetails   : timestamp
2023-03-09 13:23:56.356  INFO 12076 --- [http-nio-8081-exec-10] c.capg.campsite.exception.ErrorDetails   : JSON parse error: Cannot deserialize value of type `java.time.LocalDate` from String "2023-04-1": Failed to deserialize java.time.LocalDate: (java.time.format.DateTimeParseException) Text '2023-04-1' could not be parsed at index 8; nested exception is com.fasterxml.jackson.databind.exc.InvalidFormatException: Cannot deserialize value of type `java.time.LocalDate` from String "2023-04-1": Failed to deserialize java.time.LocalDate: (java.time.format.DateTimeParseException) Text '2023-04-1' could not be parsed at index 8
 at [Source: (org.springframework.util.StreamUtils$NonClosingInputStream); line: 2, column: 18] (through reference chain: com.capg.campsite.dto.BookingDto["arrivalDate"])
2023-03-09 13:23:56.356  INFO 12076 --- [http-nio-8081-exec-10] c.capg.campsite.exception.ErrorDetails   : uri=/booking/add-booking/11
2023-03-09 13:23:56.357  WARN 12076 --- [http-nio-8081-exec-10] .m.m.a.ExceptionHandlerExceptionResolver : Resolved [org.springframework.http.converter.HttpMessageNotReadableException: JSON parse error: Cannot deserialize value of type `java.time.LocalDate` from String "2023-04-1": Failed to deserialize java.time.LocalDate: (java.time.format.DateTimeParseException) Text '2023-04-1' could not be parsed at index 8; nested exception is com.fasterxml.jackson.databind.exc.InvalidFormatException: Cannot deserialize value of type `java.time.LocalDate` from String "2023-04-1": Failed to deserialize java.time.LocalDate: (java.time.format.DateTimeParseException) Text '2023-04-1' could not be parsed at index 8<EOL> at [Source: (org.springframework.util.StreamUtils$NonClosingInputStream); line: 2, column: 18] (through reference chain: com.capg.campsite.dto.BookingDto["arrivalDate"])]
2023-03-09 13:24:10.910  INFO 12076 --- [http-nio-8081-exec-1] c.c.campsite.service.BookingServiceImpl  : add booking
2023-03-09 13:24:30.047  INFO 12076 --- [http-nio-8081-exec-3] c.c.campsite.service.BookingServiceImpl  : get booking by Id 4
2023-03-09 13:25:11.661  INFO 12076 --- [http-nio-8081-exec-2] c.c.c.e.BookingNotFoundException         : Booking not found with id : 11
2023-03-09 13:25:11.662  INFO 12076 --- [http-nio-8081-exec-2] c.capg.campsite.exception.ErrorDetails   : ErrorDetails class
2023-03-09 13:25:11.663  INFO 12076 --- [http-nio-8081-exec-2] c.capg.campsite.exception.ErrorDetails   : timestamp
2023-03-09 13:25:11.663  INFO 12076 --- [http-nio-8081-exec-2] c.capg.campsite.exception.ErrorDetails   : Booking not found with id : 11
2023-03-09 13:25:11.663  INFO 12076 --- [http-nio-8081-exec-2] c.capg.campsite.exception.ErrorDetails   : uri=/booking/update-booking/11
2023-03-09 13:25:11.664  WARN 12076 --- [http-nio-8081-exec-2] .m.m.a.ExceptionHandlerExceptionResolver : Resolved [com.capg.campsite.exception.BookingNotFoundException: Booking not found with id : 11]
2023-03-09 13:25:44.951  INFO 12076 --- [http-nio-8081-exec-4] c.c.campsite.service.BookingServiceImpl  : delete booking
2023-03-09 13:26:02.159  INFO 12076 --- [http-nio-8081-exec-5] c.c.campsite.service.BookingServiceImpl  : get list of bookings
2023-03-09 13:27:07.175  INFO 12076 --- [http-nio-8081-exec-6] c.c.campsite.service.BookingServiceImpl  : update booking
2023-03-09 13:28:21.906  INFO 12076 --- [http-nio-8081-exec-9] c.c.campsite.service.BookingServiceImpl  : find available booking
2023-03-09 13:28:38.557  INFO 12076 --- [http-nio-8081-exec-10] c.c.campsite.service.BookingServiceImpl  : find available booking
2023-03-09 13:28:52.149  INFO 12076 --- [http-nio-8081-exec-1] c.c.campsite.service.BookingServiceImpl  : get booking by Id 3
2023-03-09 13:29:02.371  INFO 12076 --- [http-nio-8081-exec-3] c.c.campsite.service.BookingServiceImpl  : update booking
2023-03-09 13:29:20.320  INFO 12076 --- [http-nio-8081-exec-2] c.c.campsite.service.BookingServiceImpl  : get list of bookings
2023-03-09 15:40:55.500  INFO 10932 --- [restartedMain] com.capg.campsite.CampsiteApplication    : Starting CampsiteApplication using Java 17.0.5 on INLEN8520075772 with PID 10932 (C:\Users\SOUMAHES\Documents\12345\Campsite\target\classes started by soumahes in C:\Users\SOUMAHES\Documents\12345\Campsite)
2023-03-09 15:40:55.503  INFO 10932 --- [restartedMain] com.capg.campsite.CampsiteApplication    : No active profile set, falling back to 1 default profile: "default"
2023-03-09 15:40:55.649  INFO 10932 --- [restartedMain] .e.DevToolsPropertyDefaultsPostProcessor : Devtools property defaults active! Set 'spring.devtools.add-properties' to 'false' to disable
2023-03-09 15:40:55.650  INFO 10932 --- [restartedMain] .e.DevToolsPropertyDefaultsPostProcessor : For additional web related logging consider setting the 'logging.level.web' property to 'DEBUG'
2023-03-09 15:40:57.693  INFO 10932 --- [restartedMain] .s.d.r.c.RepositoryConfigurationDelegate : Bootstrapping Spring Data JPA repositories in DEFAULT mode.
2023-03-09 15:40:57.832  INFO 10932 --- [restartedMain] .s.d.r.c.RepositoryConfigurationDelegate : Finished Spring Data repository scanning in 121 ms. Found 3 JPA repository interfaces.
2023-03-09 15:40:59.323  INFO 10932 --- [restartedMain] o.s.b.w.embedded.tomcat.TomcatWebServer  : Tomcat initialized with port(s): 8081 (http)
2023-03-09 15:40:59.354  INFO 10932 --- [restartedMain] o.apache.catalina.core.StandardService   : Starting service [Tomcat]
2023-03-09 15:40:59.355  INFO 10932 --- [restartedMain] org.apache.catalina.core.StandardEngine  : Starting Servlet engine: [Apache Tomcat/9.0.68]
2023-03-09 15:40:59.525  INFO 10932 --- [restartedMain] o.a.c.c.C.[Tomcat].[localhost].[/]       : Initializing Spring embedded WebApplicationContext
2023-03-09 15:40:59.526  INFO 10932 --- [restartedMain] w.s.c.ServletWebServerApplicationContext : Root WebApplicationContext: initialization completed in 3867 ms
2023-03-09 15:40:59.822  INFO 10932 --- [restartedMain] o.hibernate.jpa.internal.util.LogHelper  : HHH000204: Processing PersistenceUnitInfo [name: default]
2023-03-09 15:40:59.927  INFO 10932 --- [restartedMain] org.hibernate.Version                    : HHH000412: Hibernate ORM core version 5.6.12.Final
2023-03-09 15:41:00.244  INFO 10932 --- [restartedMain] o.hibernate.annotations.common.Version   : HCANN000001: Hibernate Commons Annotations {5.1.2.Final}
2023-03-09 15:41:00.400  INFO 10932 --- [restartedMain] com.zaxxer.hikari.HikariDataSource       : HikariPool-1 - Starting...
2023-03-09 15:41:00.586  INFO 10932 --- [restartedMain] com.zaxxer.hikari.HikariDataSource       : HikariPool-1 - Start completed.
2023-03-09 15:41:00.614  INFO 10932 --- [restartedMain] org.hibernate.dialect.Dialect            : HHH000400: Using dialect: org.hibernate.dialect.PostgreSQLDialect
2023-03-09 15:41:01.646  INFO 10932 --- [restartedMain] o.h.e.t.j.p.i.JtaPlatformInitiator       : HHH000490: Using JtaPlatform implementation: [org.hibernate.engine.transaction.jta.platform.internal.NoJtaPlatform]
2023-03-09 15:41:01.654  INFO 10932 --- [restartedMain] j.LocalContainerEntityManagerFactoryBean : Initialized JPA EntityManagerFactory for persistence unit 'default'
2023-03-09 15:41:02.569  WARN 10932 --- [restartedMain] JpaBaseConfiguration$JpaWebConfiguration : spring.jpa.open-in-view is enabled by default. Therefore, database queries may be performed during view rendering. Explicitly configure spring.jpa.open-in-view to disable this warning
2023-03-09 15:41:02.794  INFO 10932 --- [restartedMain] pertySourcedRequestMappingHandlerMapping : Mapped URL path [/v2/api-docs] onto method [springfox.documentation.swagger2.web.Swagger2Controller#getDocumentation(String, HttpServletRequest)]
2023-03-09 15:41:03.051  INFO 10932 --- [restartedMain] o.s.b.d.a.OptionalLiveReloadServer       : LiveReload server is running on port 35729
2023-03-09 15:41:03.392  INFO 10932 --- [restartedMain] o.s.b.w.embedded.tomcat.TomcatWebServer  : Tomcat started on port(s): 8081 (http) with context path ''
2023-03-09 15:41:03.394  INFO 10932 --- [restartedMain] d.s.w.p.DocumentationPluginsBootstrapper : Context refreshed
2023-03-09 15:41:03.465  INFO 10932 --- [restartedMain] d.s.w.p.DocumentationPluginsBootstrapper : Found 1 custom documentation plugin(s)
2023-03-09 15:41:03.547  INFO 10932 --- [restartedMain] s.d.s.w.s.ApiListingReferenceScanner     : Scanning for api listing references
2023-03-09 15:41:03.998  INFO 10932 --- [restartedMain] com.capg.campsite.CampsiteApplication    : Started CampsiteApplication in 9.191 seconds (JVM running for 10.069)
2023-03-09 15:42:09.200  INFO 10932 --- [http-nio-8081-exec-1] o.a.c.c.C.[Tomcat].[localhost].[/]       : Initializing Spring DispatcherServlet 'dispatcherServlet'
2023-03-09 15:42:09.200  INFO 10932 --- [http-nio-8081-exec-1] o.s.web.servlet.DispatcherServlet        : Initializing Servlet 'dispatcherServlet'
2023-03-09 15:42:09.202  INFO 10932 --- [http-nio-8081-exec-1] o.s.web.servlet.DispatcherServlet        : Completed initialization in 1 ms
2023-03-09 15:42:09.441  INFO 10932 --- [http-nio-8081-exec-1] c.capg.campsite.service.UserServiceImpl  : add user
2023-03-09 15:42:27.363  INFO 10932 --- [http-nio-8081-exec-2] c.c.c.service.CampsiteServiceImpl        : add campsite
2023-03-09 17:33:02.518  INFO 12012 --- [restartedMain] com.capg.campsite.CampsiteApplication    : Starting CampsiteApplication using Java 17.0.5 on INLEN8520075772 with PID 12012 (C:\Users\SOUMAHES\Documents\12345\Campsite\target\classes started by soumahes in C:\Users\SOUMAHES\Documents\12345\Campsite)
2023-03-09 17:33:02.520  INFO 12012 --- [restartedMain] com.capg.campsite.CampsiteApplication    : No active profile set, falling back to 1 default profile: "default"
2023-03-09 17:33:02.577  INFO 12012 --- [restartedMain] .e.DevToolsPropertyDefaultsPostProcessor : Devtools property defaults active! Set 'spring.devtools.add-properties' to 'false' to disable
2023-03-09 17:33:02.578  INFO 12012 --- [restartedMain] .e.DevToolsPropertyDefaultsPostProcessor : For additional web related logging consider setting the 'logging.level.web' property to 'DEBUG'
2023-03-09 17:33:03.391  INFO 12012 --- [restartedMain] .s.d.r.c.RepositoryConfigurationDelegate : Bootstrapping Spring Data JPA repositories in DEFAULT mode.
2023-03-09 17:33:03.467  INFO 12012 --- [restartedMain] .s.d.r.c.RepositoryConfigurationDelegate : Finished Spring Data repository scanning in 60 ms. Found 3 JPA repository interfaces.
2023-03-09 17:33:04.757  INFO 12012 --- [restartedMain] o.s.b.w.embedded.tomcat.TomcatWebServer  : Tomcat initialized with port(s): 8081 (http)
2023-03-09 17:33:04.775  INFO 12012 --- [restartedMain] o.apache.catalina.core.StandardService   : Starting service [Tomcat]
2023-03-09 17:33:04.776  INFO 12012 --- [restartedMain] org.apache.catalina.core.StandardEngine  : Starting Servlet engine: [Apache Tomcat/9.0.68]
2023-03-09 17:33:04.891  INFO 12012 --- [restartedMain] o.a.c.c.C.[Tomcat].[localhost].[/]       : Initializing Spring embedded WebApplicationContext
2023-03-09 17:33:04.893  INFO 12012 --- [restartedMain] w.s.c.ServletWebServerApplicationContext : Root WebApplicationContext: initialization completed in 2314 ms
2023-03-09 17:33:05.134  INFO 12012 --- [restartedMain] o.hibernate.jpa.internal.util.LogHelper  : HHH000204: Processing PersistenceUnitInfo [name: default]
2023-03-09 17:33:05.236  INFO 12012 --- [restartedMain] org.hibernate.Version                    : HHH000412: Hibernate ORM core version 5.6.12.Final
2023-03-09 17:33:05.488  INFO 12012 --- [restartedMain] o.hibernate.annotations.common.Version   : HCANN000001: Hibernate Commons Annotations {5.1.2.Final}
2023-03-09 17:33:05.581  INFO 12012 --- [restartedMain] com.zaxxer.hikari.HikariDataSource       : HikariPool-1 - Starting...
2023-03-09 17:33:05.712  INFO 12012 --- [restartedMain] com.zaxxer.hikari.HikariDataSource       : HikariPool-1 - Start completed.
2023-03-09 17:33:05.731  INFO 12012 --- [restartedMain] org.hibernate.dialect.Dialect            : HHH000400: Using dialect: org.hibernate.dialect.PostgreSQLDialect
2023-03-09 17:33:06.389  INFO 12012 --- [restartedMain] o.h.e.t.j.p.i.JtaPlatformInitiator       : HHH000490: Using JtaPlatform implementation: [org.hibernate.engine.transaction.jta.platform.internal.NoJtaPlatform]
2023-03-09 17:33:06.398  INFO 12012 --- [restartedMain] j.LocalContainerEntityManagerFactoryBean : Initialized JPA EntityManagerFactory for persistence unit 'default'
2023-03-09 17:33:07.009  WARN 12012 --- [restartedMain] JpaBaseConfiguration$JpaWebConfiguration : spring.jpa.open-in-view is enabled by default. Therefore, database queries may be performed during view rendering. Explicitly configure spring.jpa.open-in-view to disable this warning
2023-03-09 17:33:07.152  INFO 12012 --- [restartedMain] pertySourcedRequestMappingHandlerMapping : Mapped URL path [/v2/api-docs] onto method [springfox.documentation.swagger2.web.Swagger2Controller#getDocumentation(String, HttpServletRequest)]
2023-03-09 17:33:07.290  INFO 12012 --- [restartedMain] o.s.b.d.a.OptionalLiveReloadServer       : LiveReload server is running on port 35729
2023-03-09 17:33:07.474  INFO 12012 --- [restartedMain] o.s.b.w.embedded.tomcat.TomcatWebServer  : Tomcat started on port(s): 8081 (http) with context path ''
2023-03-09 17:33:07.475  INFO 12012 --- [restartedMain] d.s.w.p.DocumentationPluginsBootstrapper : Context refreshed
2023-03-09 17:33:07.497  INFO 12012 --- [restartedMain] d.s.w.p.DocumentationPluginsBootstrapper : Found 1 custom documentation plugin(s)
2023-03-09 17:33:07.521  INFO 12012 --- [restartedMain] s.d.s.w.s.ApiListingReferenceScanner     : Scanning for api listing references
2023-03-09 17:33:07.679  INFO 12012 --- [restartedMain] com.capg.campsite.CampsiteApplication    : Started CampsiteApplication in 5.56 seconds (JVM running for 6.078)
